cropper/build/intermediates/manifest_merge_blame_file/debug/manifest-merger-blame-debug-report.txt
1<?xml version="1.0" encoding="utf-8"?>
2<manifest xmlns:android="http://schemas.android.com/apk/res/android"
3    package="com.canhub.cropper" >
4
5    <uses-sdk android:minSdkVersion="21" />
6
7    <queries>
7-->src\main\AndroidManifest.xml:2:3-11:13
8        <intent>
8-->src\main\AndroidManifest.xml:3:5-7:14
9            <action android:name="android.intent.action.GET_CONTENT" />
9-->src\main\AndroidManifest.xml:4:7-65
9-->src\main\AndroidManifest.xml:4:15-63
10
11            <category android:name="android.intent.category.OPENABLE" />
11-->src\main\AndroidManifest.xml:5:7-66
11-->src\main\AndroidManifest.xml:5:17-64
12
13            <data android:mimeType="*/*" />
13-->src\main\AndroidManifest.xml:6:7-37
13-->src\main\AndroidManifest.xml:6:13-35
14        </intent>
15        <intent>
15-->src\main\AndroidManifest.xml:8:5-10:14
16            <action android:name="android.media.action.IMAGE_CAPTURE" />
16-->src\main\AndroidManifest.xml:9:7-66
16-->src\main\AndroidManifest.xml:9:15-64
17        </intent>
18    </queries>
19
20    <application>
20-->src\main\AndroidManifest.xml:12:3-25:17
21        <provider
21-->src\main\AndroidManifest.xml:13:5-21:16
22            android:name="com.canhub.cropper.CropFileProvider"
22-->src\main\AndroidManifest.xml:14:9-59
23            android:authorities="${applicationId}.cropper.fileprovider"
23-->src\main\AndroidManifest.xml:15:9-68
24            android:exported="false"
24-->src\main\AndroidManifest.xml:16:9-33
25            android:grantUriPermissions="true" >
25-->src\main\AndroidManifest.xml:17:9-43
26            <meta-data
26-->src\main\AndroidManifest.xml:18:7-20:55
27                android:name="android.support.FILE_PROVIDER_PATHS"
27-->src\main\AndroidManifest.xml:19:11-61
28                android:resource="@xml/library_file_paths" />
28-->src\main\AndroidManifest.xml:20:11-53
29        </provider>
30
31        <activity
31-->src\main\AndroidManifest.xml:22:5-24:34
32            android:name="com.canhub.cropper.CropImageActivity"
32-->src\main\AndroidManifest.xml:23:9-60
33            android:exported="true" />
33-->src\main\AndroidManifest.xml:24:9-32
34    </application>
35
36</manifest>